<?xml version="1.0" encoding="UTF-8"?>
<testng-results ignored="0" total="1" passed="1" failed="0" skipped="0">
  <reporter-output>
  </reporter-output>
  <suite started-at="2025-06-10T10:30:10 IST" name="Default suite" finished-at="2025-06-10T10:30:27 IST" duration-ms="16800">
    <groups>
    </groups>
    <test started-at="2025-06-10T10:30:10 IST" name="Default test" finished-at="2025-06-10T10:30:27 IST" duration-ms="16800">
      <class name="testscript.LoginTest">
        <test-method is-config="true" signature="initializeBrowser()[pri:0, instance:testscript.LoginTest@235834f2]" started-at="2025-06-10T10:30:10 IST" name="initializeBrowser" finished-at="2025-06-10T10:30:22 IST" duration-ms="11248" status="PASS">
          <reporter-output>
          </reporter-output>
        </test-method> <!-- initializeBrowser -->
        <test-method signature="verifyUserLoginWithValidCredentials()[pri:1, instance:testscript.LoginTest@235834f2]" started-at="2025-06-10T10:30:22 IST" name="verifyUserLoginWithValidCredentials" description="Verify whether the user can log in with valid credentials" finished-at="2025-06-10T10:30:27 IST" duration-ms="5341" status="PASS">
          <reporter-output>
          </reporter-output>
        </test-method> <!-- verifyUserLoginWithValidCredentials -->
        <test-method is-config="true" signature="driverQuit(org.testng.ITestResult)[pri:0, instance:testscript.LoginTest@235834f2]" started-at="2025-06-10T10:30:27 IST" name="driverQuit" finished-at="2025-06-10T10:30:27 IST" duration-ms="21" status="PASS">
          <params>
            <param index="0">
              <value>
                <![CDATA[[TestResult name=verifyUserLoginWithValidCredentials status=SUCCESS method=LoginTest.verifyUserLoginWithValidCredentials()[pri:1, instance:testscript.LoginTest@235834f2] output={null}]]]>
              </value>
            </param>
          </params>
          <reporter-output>
          </reporter-output>
        </test-method> <!-- driverQuit -->
      </class> <!-- testscript.LoginTest -->
    </test> <!-- Default test -->
  </suite> <!-- Default suite -->
</testng-results>
