<?xml version="1.0" encoding="UTF-8"?>
<testng-results ignored="0" total="2" passed="2" failed="0" skipped="0">
  <reporter-output>
  </reporter-output>
  <suite started-at="2025-06-20T09:37:40 IST" name="Suite" finished-at="2025-06-20T09:38:02 IST" duration-ms="21940">
    <groups>
    </groups>
    <test started-at="2025-06-20T09:37:40 IST" name="Test" finished-at="2025-06-20T09:38:02 IST" duration-ms="21940">
      <class name="testscript.AdminUsersTest">
        <test-method is-config="true" signature="initializeBrowser(java.lang.String)[pri:0, instance:testscript.AdminUsersTest@d23e042]" started-at="2025-06-20T09:37:40 IST" name="initializeBrowser" finished-at="2025-06-20T09:37:47 IST" duration-ms="6855" status="PASS">
          <params>
            <param index="0">
              <value>
                <![CDATA[Chrome]]>
              </value>
            </param>
          </params>
          <reporter-output>
          </reporter-output>
        </test-method> <!-- initializeBrowser -->
        <test-method signature="verifyWhetherUserIsAbleToAddNewAdminUser()[pri:0, instance:testscript.AdminUsersTest@d23e042]" started-at="2025-06-20T09:37:47 IST" name="verifyWhetherUserIsAbleToAddNewAdminUser" description="Verify whether user is able to add new admin user" finished-at="2025-06-20T09:37:54 IST" duration-ms="7039" status="PASS">
          <reporter-output>
          </reporter-output>
        </test-method> <!-- verifyWhetherUserIsAbleToAddNewAdminUser -->
        <test-method is-config="true" signature="driverQuit(org.testng.ITestResult)[pri:0, instance:testscript.AdminUsersTest@d23e042]" started-at="2025-06-20T09:37:54 IST" name="driverQuit" finished-at="2025-06-20T09:37:54 IST" duration-ms="3" status="PASS">
          <params>
            <param index="0">
              <value>
                <![CDATA[[TestResult name=verifyWhetherUserIsAbleToAddNewAdminUser status=SUCCESS method=AdminUsersTest.verifyWhetherUserIsAbleToAddNewAdminUser()[pri:0, instance:testscript.AdminUsersTest@d23e042] output={null}]]]>
              </value>
            </param>
          </params>
          <reporter-output>
          </reporter-output>
        </test-method> <!-- driverQuit -->
        <test-method is-config="true" signature="initializeBrowser(java.lang.String)[pri:0, instance:testscript.AdminUsersTest@d23e042]" started-at="2025-06-20T09:37:54 IST" name="initializeBrowser" finished-at="2025-06-20T09:37:57 IST" duration-ms="3226" status="PASS">
          <params>
            <param index="0">
              <value>
                <![CDATA[Chrome]]>
              </value>
            </param>
          </params>
          <reporter-output>
          </reporter-output>
        </test-method> <!-- initializeBrowser -->
        <test-method signature="verifyWhetherUserIsAbleToSearchForAUser()[pri:0, instance:testscript.AdminUsersTest@d23e042]" started-at="2025-06-20T09:37:57 IST" name="verifyWhetherUserIsAbleToSearchForAUser" description="Verify whether the user can search for a user" finished-at="2025-06-20T09:38:02 IST" duration-ms="4699" status="PASS">
          <reporter-output>
          </reporter-output>
        </test-method> <!-- verifyWhetherUserIsAbleToSearchForAUser -->
        <test-method is-config="true" signature="driverQuit(org.testng.ITestResult)[pri:0, instance:testscript.AdminUsersTest@d23e042]" started-at="2025-06-20T09:38:02 IST" name="driverQuit" finished-at="2025-06-20T09:38:02 IST" duration-ms="2" status="PASS">
          <params>
            <param index="0">
              <value>
                <![CDATA[[TestResult name=verifyWhetherUserIsAbleToSearchForAUser status=SUCCESS method=AdminUsersTest.verifyWhetherUserIsAbleToSearchForAUser()[pri:0, instance:testscript.AdminUsersTest@d23e042] output={null}]]]>
              </value>
            </param>
          </params>
          <reporter-output>
          </reporter-output>
        </test-method> <!-- driverQuit -->
      </class> <!-- testscript.AdminUsersTest -->
    </test> <!-- Test -->
  </suite> <!-- Suite -->
</testng-results>
