<?xml version="1.0" encoding="UTF-8"?>
<!-- Generated by org.testng.reporters.JUnitXMLReporter -->
<testsuite ignored="0" hostname="DESKTOP-1H1H5M0" failures="1" tests="6" name="Test1" time="38.416" errors="0" timestamp="2025-06-18T10:17:02 IST">
  <testcase classname="testscript.LoginTest" name="verifyUserLoginWithValidCredentials" time="0.875">
    <failure type="org.apache.poi.openxml4j.exceptions.NotOfficeXmlFileException" message="No valid entries or contents found, this is not a valid OOXML (Office Open XML) file">
      <![CDATA[org.apache.poi.openxml4j.exceptions.NotOfficeXmlFileException: No valid entries or contents found, this is not a valid OOXML (Office Open XML) file
at org.apache.poi.openxml4j.util.ZipArchiveThresholdInputStream.getNextEntry(ZipArchiveThresholdInputStream.java:156)
at org.apache.poi.openxml4j.util.ZipInputStreamZipEntrySource.<init>(ZipInputStreamZipEntrySource.java:94)
at org.apache.poi.openxml4j.opc.ZipPackage.<init>(ZipPackage.java:132)
at org.apache.poi.openxml4j.opc.OPCPackage.open(OPCPackage.java:319)
at org.apache.poi.ooxml.util.PackageHelper.open(PackageHelper.java:59)
at org.apache.poi.xssf.usermodel.XSSFWorkbook.<init>(XSSFWorkbook.java:290)
at org.apache.poi.xssf.usermodel.XSSFWorkbook.<init>(XSSFWorkbook.java:286)
at utilities.ExcelUtility.getStringData(ExcelUtility.java:20)
at testscript.LoginTest.verifyUserLoginWithValidCredentials(LoginTest.java:22)
at java.base/java.util.ArrayList.forEach(ArrayList.java:1596)
at java.base/java.util.concurrent.FutureTask.run(FutureTask.java:317)
at java.base/java.util.concurrent.ThreadPoolExecutor.runWorker(ThreadPoolExecutor.java:1144)
at java.base/java.util.concurrent.ThreadPoolExecutor$Worker.run(ThreadPoolExecutor.java:642)
at java.base/java.lang.Thread.run(Thread.java:1583)
Caused by: java.util.zip.ZipException: Unexpected record signature: 0X3C732DB5
at org.apache.commons.compress.archivers.zip.ZipArchiveInputStream.getNextZipEntry(ZipArchiveInputStream.java:296)
at org.apache.poi.openxml4j.util.ZipArchiveThresholdInputStream.getNextEntry(ZipArchiveThresholdInputStream.java:152)
... 28 more
... Removed 15 stack frames]]>
    </failure>
  </testcase> <!-- verifyUserLoginWithValidCredentials -->
  <testcase classname="testscript.LoginTest" name="verifyUserLoginWithValidUsernameAndInvalidPassword" time="2.512"/>
  <testcase classname="testscript.LoginTest" name="verifyUserLoginWithInValidUsernameAndValidPassword" time="1.54"/>
  <testcase classname="testscript.LoginTest" name="verifyUserLoginWithInvalidCredentials" time="0.989"/>
  <testcase classname="testscript.LoginTest" name="verifyUserLoginWithInvalidCredentials" time="1.101"/>
  <testcase classname="testscript.LoginTest" name="verifyUserLoginWithInvalidCredentials" time="1.184"/>
</testsuite> <!-- Test1 -->
